  ESC.cpp
  Game.cpp
C:\Users\Alan_\Desktop\all\MyGameEngine\MyGameEngine\src\Systems\MovementSystem.h(68,50): warning C4244: '+=': conversion from 'double' to 'T', possible loss of data
          with
          [
              T=float
          ]
C:\Users\Alan_\Desktop\all\MyGameEngine\MyGameEngine\src\Systems\MovementSystem.h(69,50): warning C4244: '+=': conversion from 'double' to 'T', possible loss of data
          with
          [
              T=float
          ]
C:\Users\Alan_\Desktop\all\MyGameEngine\MyGameEngine\src\Systems\DebugCollisionSystem.h(25,57): warning C4244: '=': conversion from 'T' to 'int', possible loss of data
          with
          [
              T=float
          ]
C:\Users\Alan_\Desktop\all\MyGameEngine\MyGameEngine\src\Systems\DebugCollisionSystem.h(26,57): warning C4244: '=': conversion from 'T' to 'int', possible loss of data
          with
          [
              T=float
          ]
C:\Users\Alan_\Desktop\all\MyGameEngine\MyGameEngine\src\Systems\DebugCollisionSystem.h(27,31): warning C4244: '=': conversion from 'T' to 'int', possible loss of data
          with
          [
              T=float
          ]
C:\Users\Alan_\Desktop\all\MyGameEngine\MyGameEngine\src\Systems\DebugCollisionSystem.h(28,32): warning C4244: '=': conversion from 'T' to 'int', possible loss of data
          with
          [
              T=float
          ]
C:\Users\Alan_\Desktop\all\MyGameEngine\MyGameEngine\src\Systems\CameraMovementSystem.h(26,38): warning C4244: '=': conversion from 'T' to 'int', possible loss of data
          with
          [
              T=float
          ]
C:\Users\Alan_\Desktop\all\MyGameEngine\MyGameEngine\src\Systems\CameraMovementSystem.h(28,38): warning C4244: '=': conversion from 'T' to 'int', possible loss of data
          with
          [
              T=float
          ]
C:\Users\Alan_\Desktop\all\MyGameEngine\MyGameEngine\src\Systems\ProjectileEmitSystem.h(88,60): warning C4018: '>': signed/unsigned mismatch
C:\Users\Alan_\Desktop\all\MyGameEngine\MyGameEngine\src\Systems\ProjectileLifecycleSystem.h(20,46): warning C4018: '>': signed/unsigned mismatch
C:\Users\Alan_\Desktop\all\MyGameEngine\MyGameEngine\src\Game\Game.cpp(252,35): warning C4244: '=': conversion from 'double' to 'int', possible loss of data
C:\Users\Alan_\Desktop\all\MyGameEngine\MyGameEngine\src\Game\Game.cpp(253,36): warning C4244: '=': conversion from 'double' to 'int', possible loss of data
  Main.cpp
  Generating Code...
  MyGameEngine.vcxproj -> C:\Users\Alan_\Desktop\all\MyGameEngine\x64\Debug\MyGameEngine.exe
